<?xml version="1.0" encoding="UTF-8"?>
<!-- Generated by org.testng.reporters.JUnitXMLReporter -->
<testsuite ignored="1" hostname="DESKTOP-EL5SCMR" failures="0" tests="4" name="Carloan" time="0.032" errors="0" timestamp="2021-08-25T23:02:20 IST">
  <testcase classname="com.test.Day3" name="webloginCarloan" time="0.009"/>
  <testcase classname="com.test.Day3" name="mobileloginCarloan" time="0.001"/>
  <testcase classname="com.test.Day4" name="mobileloginHouseloan" time="0.002"/>
  <testcase classname="com.test.Day4" name="webloginHouseloan" time="0.001"/>
  <testcase classname="com.test.Day4" name="ApiloginCarloan" time="0.0">
    <ignored/>
  </testcase> <!-- ApiloginCarloan -->
</testsuite> <!-- Carloan -->
