<?xml version="1.0" encoding="UTF-8"?>
<!-- Generated by org.testng.reporters.JUnitXMLReporter -->
<testsuite ignored="0" hostname="DESKTOP-EL5SCMR" failures="0" tests="7" name="Loan" time="0.097" errors="0" timestamp="2021-07-20T13:58:33 IST">
  <testcase classname="com.test.day1" name="demo" time="0.02"/>
  <testcase classname="com.test.day1" name="demo2" time="0.001"/>
  <testcase classname="com.test.Day2" name="demo1" time="0.003"/>
  <testcase classname="com.test.Day3" name="mobileloginCarloan" time="0.001"/>
  <testcase classname="com.test.Day3" name="webloginCarloan" time="0.003"/>
  <testcase classname="com.test.Day4" name="ApiloginCarloan" time="0.001"/>
  <testcase classname="com.test.Day4" name="mobileloginHouseloan" time="0.003"/>
</testsuite> <!-- Loan -->
